\BOOKMARK [1][-]{section.1}{\376\377\000E\000n\000e\000r\000g\000i\000a\000\040\000e\000\040\000f\000a\000b\000b\000i\000s\000o\000g\000n\000o}{}% 1
\BOOKMARK [2][-]{subsection.1.1}{\376\377\000M\000e\000t\000a\000b\000o\000l\000i\000s\000m\000o\000\040\000B\000a\000s\000a\000l\000e\000\040\000\050\000M\000B\000\051}{section.1}% 2
\BOOKMARK [2][-]{subsection.1.2}{\376\377\000D\000i\000s\000p\000e\000n\000d\000i\000o\000\040\000E\000n\000e\000r\000g\000e\000t\000i\000c\000o\000\040\000d\000a\000\040\000A\000t\000t\000i\000v\000i\000t\000\340\000\040\000F\000i\000s\000i\000c\000a\000\040\000\050\000D\000E\000-\000A\000T\000\051}{section.1}% 3
\BOOKMARK [1][-]{section.2}{\376\377\000L\000i\000v\000e\000l\000l\000i\000\040\000d\000i\000\040\000A\000s\000s\000u\000n\000z\000i\000o\000n\000e\000\040\000d\000i\000\040\000R\000i\000f\000e\000r\000i\000m\000e\000n\000t\000o\000\040\000d\000i\000\040\000N\000u\000t\000r\000i\000m\000e\000n\000t\000i\000\040\000e\000d\000\040\000e\000n\000e\000r\000g\000i\000a\000\040\000d\000e\000l\000l\000a\000\040\000p\000o\000p\000o\000l\000a\000z\000i\000o\000n\000e\000\040\000i\000t\000a\000l\000i\000a\000n\000a\000\040\000\050\000L\000A\000R\000N\000\051}{}% 4
\BOOKMARK [2][-]{subsection.2.1}{\376\377\000F\000a\000b\000b\000i\000s\000o\000g\000n\000o\000\040\000m\000e\000d\000i\000o\000\040\000\050\000A\000R\000\051}{section.2}% 5
\BOOKMARK [2][-]{subsection.2.2}{\376\377\000A\000s\000s\000u\000n\000z\000i\000o\000n\000e\000\040\000d\000i\000\040\000r\000i\000f\000e\000r\000i\000m\000e\000n\000t\000o\000\040\000p\000e\000r\000\040\000l\000a\000\040\000p\000o\000p\000o\000l\000a\000z\000i\000o\000n\000e\000\040\000\050\000P\000R\000I\000\051}{section.2}% 6
\BOOKMARK [2][-]{subsection.2.3}{\376\377\000A\000s\000s\000u\000n\000z\000i\000o\000n\000e\000\040\000a\000d\000e\000g\000u\000a\000t\000a\000\040\000\050\000A\000I\000\051}{section.2}% 7
\BOOKMARK [2][-]{subsection.2.4}{\376\377\000I\000n\000t\000e\000r\000v\000a\000l\000l\000o\000\040\000d\000i\000\040\000r\000i\000f\000e\000r\000i\000m\000e\000n\000t\000o\000\040\000p\000e\000r\000\040\000a\000s\000s\000u\000n\000z\000i\000o\000n\000e\000\040\000m\000a\000c\000r\000o\000n\000u\000t\000r\000i\000e\000n\000t\000i\000\040\000\050\000R\000I\000\051}{section.2}% 8
\BOOKMARK [2][-]{subsection.2.5}{\376\377\000O\000b\000i\000e\000t\000t\000i\000v\000i\000\040\000n\000u\000t\000r\000i\000z\000i\000o\000n\000a\000l\000i\000\040\000p\000e\000r\000\040\000l\000a\000\040\000p\000r\000e\000v\000e\000n\000z\000i\000o\000n\000e\000\040\000\050\000S\000D\000T\000\051}{section.2}% 9
\BOOKMARK [2][-]{subsection.2.6}{\376\377\000L\000i\000m\000i\000t\000e\000\040\000m\000a\000s\000s\000i\000m\000o\000\040\000t\000o\000l\000l\000e\000r\000a\000b\000i\000l\000e\000\040\000d\000i\000\040\000a\000s\000s\000u\000n\000z\000i\000o\000n\000e\000\040\000\050\000U\000L\000\051}{section.2}% 10
\BOOKMARK [1][-]{section.3}{\376\377\000M\000a\000c\000r\000o\000n\000u\000t\000r\000i\000e\000n\000t\000i}{}% 11
\BOOKMARK [2][-]{subsection.3.1}{\376\377\000C\000a\000r\000b\000o\000i\000d\000r\000a\000t\000i\000\040\000e\000\040\000f\000i\000b\000r\000e}{section.3}% 12
\BOOKMARK [3][-]{subsubsection.3.1.1}{\376\377\000A\000l\000i\000m\000e\000n\000t\000i\000\040\000c\000o\000n\000\040\000c\000a\000r\000b\000o\000i\000d\000r\000a\000t\000i}{subsection.3.1}% 13
\BOOKMARK [3][-]{subsubsection.3.1.2}{\376\377\000F\000i\000b\000r\000a}{subsection.3.1}% 14
\BOOKMARK [2][-]{subsection.3.2}{\376\377\000P\000r\000o\000t\000e\000i\000n\000e}{section.3}% 15
\BOOKMARK [3][-]{subsubsection.3.2.1}{\376\377\000F\000a\000b\000b\000i\000s\000o\000g\000n\000o\000\040\000p\000r\000o\000t\000e\000i\000c\000o\000\040\000\050\000g\000*\000k\000g\000\040\000d\000i\000\040\000p\000e\000s\000o\000\051}{subsection.3.2}% 16
\BOOKMARK [2][-]{subsection.3.3}{\376\377\000L\000i\000p\000i\000d\000i}{section.3}% 17
\BOOKMARK [3][-]{subsubsection.3.3.1}{\376\377\000F\000a\000b\000b\000i\000s\000o\000g\000n\000o\000\040\000l\000i\000p\000i\000d\000i}{subsection.3.3}% 18
\BOOKMARK [1][-]{section.4}{\376\377\000M\000i\000c\000r\000o\000n\000u\000t\000r\000i\000e\000n\000t\000i}{}% 19
\BOOKMARK [2][-]{subsection.4.1}{\376\377\000V\000i\000t\000a\000m\000i\000n\000e}{section.4}% 20
\BOOKMARK [3][-]{subsubsection.4.1.1}{\376\377\000L\000i\000p\000o\000s\000o\000l\000u\000b\000i\000l\000i}{subsection.4.1}% 21
\BOOKMARK [3][-]{subsubsection.4.1.2}{\376\377\000I\000d\000r\000o\000s\000o\000l\000u\000b\000i\000l\000i}{subsection.4.1}% 22
\BOOKMARK [2][-]{subsection.4.2}{\376\377\000S\000a\000l\000i\000\040\000m\000i\000n\000e\000r\000a\000l\000i}{section.4}% 23
\BOOKMARK [3][-]{subsubsection.4.2.1}{\376\377\000M\000a\000c\000r\000o\000e\000l\000e\000m\000e\000n\000t\000i}{subsection.4.2}% 24
\BOOKMARK [3][-]{subsubsection.4.2.2}{\376\377\000M\000i\000c\000r\000o\000e\000l\000e\000m\000e\000n\000t\000i}{subsection.4.2}% 25
\BOOKMARK [3][-]{subsubsection.4.2.3}{\376\377\000E\000l\000e\000m\000e\000n\000t\000i\000\040\000u\000l\000t\000r\000a\000t\000r\000a\000c\000c\000i\000a}{subsection.4.2}% 26
\BOOKMARK [1][-]{section.5}{\376\377\000A\000c\000q\000u\000a}{}% 27
\BOOKMARK [1][-]{section.6}{\376\377\000S\000e\000v\000e\000n\000\040\000C\000o\000u\000n\000t\000r\000i\000e\000s\000\040\000S\000t\000u\000d\000y}{}% 28
\BOOKMARK [1][-]{section.7}{\376\377\000P\000o\000r\000z\000i\000o\000n\000i}{}% 29
\BOOKMARK [1][-]{section.8}{\376\377\000A\000l\000i\000m\000e\000n\000t\000i}{}% 30
\BOOKMARK [2][-]{subsection.8.1}{\376\377\000C\000e\000r\000e\000a\000l\000i\000\040\000e\000\040\000t\000u\000b\000e\000r\000i}{section.8}% 31
\BOOKMARK [3][-]{subsubsection.8.1.1}{\376\377\000C\000e\000r\000e\000a\000l\000i}{subsection.8.1}% 32
\BOOKMARK [3][-]{subsubsection.8.1.2}{\376\377\000T\000u\000b\000e\000r\000i}{subsection.8.1}% 33
\BOOKMARK [3][-]{subsubsection.8.1.3}{\376\377\000D\000e\000r\000i\000v\000a\000t\000i}{subsection.8.1}% 34
\BOOKMARK [2][-]{subsection.8.2}{\376\377\000F\000r\000u\000t\000t\000a\000\040\000e\000\040\000v\000e\000r\000d\000u\000r\000a}{section.8}% 35
